<?xml version="1.0" encoding="UTF-8"?>
<testng-results ignored="0" total="1" passed="1" failed="0" skipped="0">
  <reporter-output>
  </reporter-output>
  <suite started-at="2021-07-07T21:12:35 MDT" name="Default suite" finished-at="2021-07-07T21:12:59 MDT" duration-ms="24221">
    <groups>
    </groups>
    <test started-at="2021-07-07T21:12:35 MDT" name="Default test" finished-at="2021-07-07T21:12:59 MDT" duration-ms="24221">
      <class name="Test.TransLinkTest">
        <test-method is-config="true" signature="beforeSuite()[pri:0, instance:Test.TransLinkTest@2de366bb]" started-at="2021-07-07T21:12:35 MDT" name="beforeSuite" finished-at="2021-07-07T21:12:35 MDT" duration-ms="31" status="PASS">
          <reporter-output>
          </reporter-output>
        </test-method> <!-- beforeSuite -->
        <test-method is-config="true" signature="getUrl()[pri:0, instance:Test.TransLinkTest@2de366bb]" started-at="2021-07-07T21:12:35 MDT" name="getUrl" finished-at="2021-07-07T21:12:42 MDT" duration-ms="6554" status="PASS">
          <reporter-output>
          </reporter-output>
        </test-method> <!-- getUrl -->
        <test-method signature="transLinkTestCase1()[pri:0, instance:Test.TransLinkTest@2de366bb]" started-at="2021-07-07T21:12:42 MDT" name="transLinkTestCase1" finished-at="2021-07-07T21:12:59 MDT" duration-ms="17608" status="PASS">
          <reporter-output>
          </reporter-output>
        </test-method> <!-- transLinkTestCase1 -->
        <test-method is-config="true" signature="scrnShot(org.testng.ITestResult, java.lang.reflect.Method)[pri:0, instance:Test.TransLinkTest@2de366bb]" started-at="2021-07-07T21:12:59 MDT" name="scrnShot" finished-at="2021-07-07T21:12:59 MDT" duration-ms="3" status="PASS">
          <params>
            <param index="0">
              <value>
                <![CDATA[[TestResult name=transLinkTestCase1 status=SUCCESS method=TransLinkTest.transLinkTestCase1()[pri:0, instance:Test.TransLinkTest@2de366bb] output={null}]]]>
              </value>
            </param>
            <param index="1">
              <value>
                <![CDATA[public void Test.TransLinkTest.transLinkTestCase1() throws java.lang.InterruptedException]]>
              </value>
            </param>
          </params>
          <reporter-output>
          </reporter-output>
        </test-method> <!-- scrnShot -->
        <test-method is-config="true" signature="afterSuite()[pri:0, instance:Test.TransLinkTest@2de366bb]" started-at="2021-07-07T21:12:59 MDT" name="afterSuite" finished-at="2021-07-07T21:13:01 MDT" duration-ms="1150" status="PASS">
          <reporter-output>
          </reporter-output>
        </test-method> <!-- afterSuite -->
      </class> <!-- Test.TransLinkTest -->
    </test> <!-- Default test -->
  </suite> <!-- Default suite -->
</testng-results>
